<?xml version="1.0" encoding="UTF-8"?>
<!-- Generated by org.testng.reporters.JUnitReportReporter -->
<testsuite hostname="DESKTOP-C6SQIIN" failures="0" tests="1" name="variousConcepts.CrmTest" time="6.909" errors="0" timestamp="2022-03-12T22:23:40 CST" skipped="0">
  <testcase classname="variousConcepts.CrmTest" name="addCustomerTest" time="6.909"/>
  <system-out/>
</testsuite> <!-- variousConcepts.CrmTest -->
